221228162622.746 ERROR 'ansible_navigator.actions.run_7f2c.run' Can not step back while playbook in progress, :q! to exit
221228162624.050 ERROR 'ansible_navigator.actions.run_7f2c.run' Can not step back while playbook in progress, :q! to exit
221228162624.663 ERROR 'ansible_navigator.actions.run_7f2c.run' Can not step back while playbook in progress, :q! to exit
221228162627.256 WARNING 'ansible_navigator.run' Dirty exit, killing the pid
221229033932.047 WARNING 'ansible_navigator.run' Dirty exit, killing the pid
221229141233.372 WARNING 'ansible_navigator.run' Dirty exit, killing the pid
221230154318.051 INFO 'ansible_navigator.setup_logger' New ansible-navigator instance, logging initialized
221230154318.053 INFO 'ansible_navigator.setup_logger' New ansible-runner instance, logging initialized
221230154318.054 DEBUG 'ansible_navigator.main' Share directory '/home/lpadgett/.local/lib/python3.6/share/ansible_navigator' not found (development path)
221230154318.054 DEBUG 'ansible_navigator.main' Share directory '/home/lpadgett/.local/share/ansible_navigator' found (userbase)
221230154318.054 DEBUG 'ansible_navigator.main' Default collection_doc_cache_path set to: /home/lpadgett/.cache/ansible-navigator/collection_doc_cache.db
221230154318.054 DEBUG 'ansible_navigator.main' EDITOR environment variable not set
221230154318.055 DEBUG 'ansible_navigator.main' Default editor_command set to: vi +{line_number} {filename}
221230154318.055 DEBUG 'ansible_navigator.main' No config file set by ANSIBLE_NAVIGATOR_CONFIG
221230154318.055 DEBUG 'ansible_navigator.main' Looking in /home/lpadgett
221230154318.055 DEBUG 'ansible_navigator.main' Looking for '/home/lpadgett/.ansible-navigator.yml', '/home/lpadgett/.ansible-navigator.yaml' and '/home/lpadgett/.ansible-navigator.json'
221230154318.055 DEBUG 'ansible_navigator.main' Found 0: 
221230154318.056 DEBUG 'ansible_navigator.main' Looking in /windows-mount/prometheus-grafana-install/roles/minikuber
221230154318.056 DEBUG 'ansible_navigator.main' Looking for '/windows-mount/prometheus-grafana-install/roles/minikuber/ansible-navigator.yml', '/windows-mount/prometheus-grafana-install/roles/minikuber/ansible-navigator.yaml' and '/windows-mount/prometheus-grafana-install/roles/minikuber/ansible-navigator.json'
221230154318.056 DEBUG 'ansible_navigator.main' Found 0: 
221230154318.056 DEBUG 'ansible_navigator.main' All found 0: 
221230154318.056 DEBUG 'ansible_navigator.main' Using: None
221230154318.056 DEBUG 'ansible_navigator.main' No valid settings file found, using all default values for settings.
221230154318.057 DEBUG 'ansible_navigator.main' Command provided: 'doc -t pipe'
221230154318.057 DEBUG 'ansible_navigator.main' Completed post processing for ansible_runner_artifact_dir. (changed=False)
221230154318.057 DEBUG 'ansible_navigator.main' Completed post processing for ansible_runner_rotate_artifacts_count. (changed=False)
221230154318.057 DEBUG 'ansible_navigator.main' Completed post processing for ansible_runner_timeout. (changed=False)
221230154318.057 DEBUG 'ansible_navigator.main' Completed post processing for cmdline. (changed=False)
221230154318.057 DEBUG 'ansible_navigator.main' Completed post processing for collection_doc_cache_path. (changed=False)
221230154318.058 DEBUG 'ansible_navigator.main' Completed post processing for container_engine. (changed=True)
221230154318.058 DEBUG 'ansible_navigator.main'  before: 'auto'
221230154318.058 DEBUG 'ansible_navigator.main'  after: 'podman'
221230154318.058 DEBUG 'ansible_navigator.main' Completed post processing for container_options. (changed=False)
221230154318.058 DEBUG 'ansible_navigator.main' Completed post processing for display_color. (changed=False)
221230154318.058 DEBUG 'ansible_navigator.main' Completed post processing for editor_console. (changed=False)
221230154318.059 DEBUG 'ansible_navigator.main' Completed post processing for execution_environment. (changed=False)
221230154318.059 DEBUG 'ansible_navigator.main' Completed post processing for execution_environment_image. (changed=False)
221230154318.059 DEBUG 'ansible_navigator.main' Completed post processing for execution_environment_volume_mounts. (changed=False)
221230154318.059 DEBUG 'ansible_navigator.main' Completed post processing for help_config. (changed=False)
221230154318.059 DEBUG 'ansible_navigator.main' Completed post processing for help_doc. (changed=False)
221230154318.060 DEBUG 'ansible_navigator.main' Completed post processing for help_inventory. (changed=False)
221230154318.060 DEBUG 'ansible_navigator.main' Completed post processing for help_playbook. (changed=False)
221230154318.060 DEBUG 'ansible_navigator.main' Completed post processing for inventory. (changed=False)
221230154318.060 DEBUG 'ansible_navigator.main' Completed post processing for inventory_column. (changed=False)
221230154318.060 DEBUG 'ansible_navigator.main' Completed post processing for log_append. (changed=False)
221230154318.060 DEBUG 'ansible_navigator.main' Completed post processing for log_file. (changed=False)
221230154318.061 DEBUG 'ansible_navigator.main' Completed post processing for mode. (changed=False)
221230154318.061 DEBUG 'ansible_navigator.main' Completed post processing for osc4. (changed=False)
221230154318.061 DEBUG 'ansible_navigator.main' Completed post processing for pass_environment_variable. (changed=False)
221230154318.061 DEBUG 'ansible_navigator.main' Completed post processing for playbook. (changed=False)
221230154318.061 DEBUG 'ansible_navigator.main' Completed post processing for playbook_artifact_enable. (changed=False)
221230154318.062 DEBUG 'ansible_navigator.main' Completed post processing for playbook_artifact_replay. (changed=False)
221230154318.062 DEBUG 'ansible_navigator.main' Completed post processing for plugin_name. (changed=False)
221230154318.062 DEBUG 'ansible_navigator.main' Completed post processing for set_environment_variable. (changed=False)
221230154318.062 WARNING 'ansible_navigator.main' Configuration errors encountered, rolling back to previous configuration.
221230154318.062 DEBUG 'ansible_navigator.main' Prior to rollback: ansible_runner_artifact_dir = 'Constants.NOT_SET' (Constants/value has not been set)
221230154318.062 DEBUG 'ansible_navigator.main' Prior to rollback: ansible_runner_rotate_artifacts_count = 'Constants.NOT_SET' (Constants/value has not been set)
221230154318.063 DEBUG 'ansible_navigator.main' Prior to rollback: ansible_runner_timeout = 'Constants.NOT_SET' (Constants/value has not been set)
221230154318.063 DEBUG 'ansible_navigator.main' Prior to rollback: app = 'doc' (str/cli parameters)
221230154318.063 DEBUG 'ansible_navigator.main' Prior to rollback: cmdline = 'Constants.NOT_SET' (Constants/value has not been set)
221230154318.063 DEBUG 'ansible_navigator.main' Prior to rollback: collection_doc_cache_path = '/home/lpadgett/.cache/ansible-navigator/collection_doc_cache.db' (str/default configuration value)
221230154318.063 DEBUG 'ansible_navigator.main' Prior to rollback: config = 'Constants.NOT_SET' (Constants/value has not been set)
221230154318.064 DEBUG 'ansible_navigator.main' Prior to rollback: container_engine = 'podman' (str/default configuration value)
221230154318.064 DEBUG 'ansible_navigator.main' Prior to rollback: container_options = 'Constants.NOT_SET' (Constants/value has not been set)
221230154318.064 DEBUG 'ansible_navigator.main' Prior to rollback: display_color = 'True' (bool/default configuration value)
221230154318.064 DEBUG 'ansible_navigator.main' Prior to rollback: editor_command = 'vi +{line_number} {filename}' (str/default configuration value)
221230154318.064 DEBUG 'ansible_navigator.main' Prior to rollback: editor_console = 'True' (bool/default configuration value)
221230154318.064 DEBUG 'ansible_navigator.main' Prior to rollback: execution_environment = 'True' (bool/default configuration value)
221230154318.065 DEBUG 'ansible_navigator.main' Prior to rollback: execution_environment_image = 'quay.io/ansible/ansible-navigator-demo-ee:0.6.0' (str/default configuration value)
221230154318.065 DEBUG 'ansible_navigator.main' Prior to rollback: execution_environment_volume_mounts = 'Constants.NOT_SET' (Constants/value has not been set)
221230154318.065 DEBUG 'ansible_navigator.main' Prior to rollback: help_config = 'False' (bool/default configuration value)
221230154318.065 DEBUG 'ansible_navigator.main' Prior to rollback: help_doc = 'False' (bool/default configuration value)
221230154318.065 DEBUG 'ansible_navigator.main' Prior to rollback: help_inventory = 'False' (bool/default configuration value)
221230154318.065 DEBUG 'ansible_navigator.main' Prior to rollback: help_playbook = 'False' (bool/default configuration value)
221230154318.066 DEBUG 'ansible_navigator.main' Prior to rollback: inventory = 'Constants.NOT_SET' (Constants/value has not been set)
221230154318.066 DEBUG 'ansible_navigator.main' Prior to rollback: inventory_column = 'Constants.NOT_SET' (Constants/value has not been set)
221230154318.066 DEBUG 'ansible_navigator.main' Prior to rollback: log_append = 'True' (bool/default configuration value)
221230154318.066 DEBUG 'ansible_navigator.main' Prior to rollback: log_file = '/windows-mount/prometheus-grafana-install/roles/minikuber/ansible-navigator.log' (str/default configuration value)
221230154318.066 DEBUG 'ansible_navigator.main' Prior to rollback: log_level = 'warning' (str/default configuration value)
221230154318.066 DEBUG 'ansible_navigator.main' Prior to rollback: mode = 'interactive' (str/default configuration value)
221230154318.067 DEBUG 'ansible_navigator.main' Prior to rollback: osc4 = 'True' (bool/default configuration value)
221230154318.067 DEBUG 'ansible_navigator.main' Prior to rollback: pass_environment_variable = 'Constants.NOT_SET' (Constants/value has not been set)
221230154318.067 DEBUG 'ansible_navigator.main' Prior to rollback: playbook = 'Constants.NOT_SET' (Constants/value has not been set)
221230154318.067 DEBUG 'ansible_navigator.main' Prior to rollback: playbook_artifact_enable = 'True' (bool/default configuration value)
221230154318.067 DEBUG 'ansible_navigator.main' Prior to rollback: playbook_artifact_replay = 'Constants.NOT_SET' (Constants/value has not been set)
221230154318.068 DEBUG 'ansible_navigator.main' Prior to rollback: playbook_artifact_save_as = '{playbook_dir}/{playbook_name}-artifact-{ts_utc}.json' (str/default configuration value)
221230154318.068 DEBUG 'ansible_navigator.main' Prior to rollback: plugin_name = 'Constants.NOT_SET' (Constants/value has not been set)
221230154318.068 DEBUG 'ansible_navigator.main' Prior to rollback: plugin_type = 'pipe' (str/cli parameters)
221230154318.068 DEBUG 'ansible_navigator.main' Prior to rollback: pull_policy = 'tag' (str/default configuration value)
221230154318.068 DEBUG 'ansible_navigator.main' Prior to rollback: set_environment_variable = 'Constants.NOT_SET' (Constants/value has not been set)
221230154318.068 DEBUG 'ansible_navigator.main' After rollback: ansible_runner_artifact_dir = 'Constants.NOT_SET' (Constants/value has not been set)
221230154318.069 DEBUG 'ansible_navigator.main' After rollback: ansible_runner_rotate_artifacts_count = 'Constants.NOT_SET' (Constants/value has not been set)
221230154318.069 DEBUG 'ansible_navigator.main' After rollback: ansible_runner_timeout = 'Constants.NOT_SET' (Constants/value has not been set)
221230154318.069 DEBUG 'ansible_navigator.main' After rollback: app = 'Constants.NOT_SET' (Constants/value has not been set)
221230154318.069 DEBUG 'ansible_navigator.main' After rollback: cmdline = 'Constants.NOT_SET' (Constants/value has not been set)
221230154318.069 DEBUG 'ansible_navigator.main' After rollback: collection_doc_cache_path = 'Constants.NOT_SET' (Constants/value has not been set)
221230154318.069 DEBUG 'ansible_navigator.main' After rollback: config = 'Constants.NOT_SET' (Constants/value has not been set)
221230154318.070 DEBUG 'ansible_navigator.main' After rollback: container_engine = 'Constants.NOT_SET' (Constants/value has not been set)
221230154318.070 DEBUG 'ansible_navigator.main' After rollback: container_options = 'Constants.NOT_SET' (Constants/value has not been set)
221230154318.070 DEBUG 'ansible_navigator.main' After rollback: display_color = 'Constants.NOT_SET' (Constants/value has not been set)
221230154318.070 DEBUG 'ansible_navigator.main' After rollback: editor_command = 'Constants.NOT_SET' (Constants/value has not been set)
221230154318.070 DEBUG 'ansible_navigator.main' After rollback: editor_console = 'Constants.NOT_SET' (Constants/value has not been set)
221230154318.071 DEBUG 'ansible_navigator.main' After rollback: execution_environment = 'Constants.NOT_SET' (Constants/value has not been set)
221230154318.071 DEBUG 'ansible_navigator.main' After rollback: execution_environment_image = 'Constants.NOT_SET' (Constants/value has not been set)
221230154318.071 DEBUG 'ansible_navigator.main' After rollback: execution_environment_volume_mounts = 'Constants.NOT_SET' (Constants/value has not been set)
221230154318.071 DEBUG 'ansible_navigator.main' After rollback: help_config = 'Constants.NOT_SET' (Constants/value has not been set)
221230154318.071 DEBUG 'ansible_navigator.main' After rollback: help_doc = 'Constants.NOT_SET' (Constants/value has not been set)
221230154318.071 DEBUG 'ansible_navigator.main' After rollback: help_inventory = 'Constants.NOT_SET' (Constants/value has not been set)
221230154318.072 DEBUG 'ansible_navigator.main' After rollback: help_playbook = 'Constants.NOT_SET' (Constants/value has not been set)
221230154318.072 DEBUG 'ansible_navigator.main' After rollback: inventory = 'Constants.NOT_SET' (Constants/value has not been set)
221230154318.072 DEBUG 'ansible_navigator.main' After rollback: inventory_column = 'Constants.NOT_SET' (Constants/value has not been set)
221230154318.072 DEBUG 'ansible_navigator.main' After rollback: log_append = 'Constants.NOT_SET' (Constants/value has not been set)
221230154318.072 DEBUG 'ansible_navigator.main' After rollback: log_file = 'Constants.NOT_SET' (Constants/value has not been set)
221230154318.072 DEBUG 'ansible_navigator.main' After rollback: log_level = 'Constants.NOT_SET' (Constants/value has not been set)
221230154318.073 DEBUG 'ansible_navigator.main' After rollback: mode = 'Constants.NOT_SET' (Constants/value has not been set)
221230154318.073 DEBUG 'ansible_navigator.main' After rollback: osc4 = 'Constants.NOT_SET' (Constants/value has not been set)
221230154318.073 DEBUG 'ansible_navigator.main' After rollback: pass_environment_variable = 'Constants.NOT_SET' (Constants/value has not been set)
221230154318.073 DEBUG 'ansible_navigator.main' After rollback: playbook = 'Constants.NOT_SET' (Constants/value has not been set)
221230154318.073 DEBUG 'ansible_navigator.main' After rollback: playbook_artifact_enable = 'Constants.NOT_SET' (Constants/value has not been set)
221230154318.073 DEBUG 'ansible_navigator.main' After rollback: playbook_artifact_replay = 'Constants.NOT_SET' (Constants/value has not been set)
221230154318.074 DEBUG 'ansible_navigator.main' After rollback: playbook_artifact_save_as = 'Constants.NOT_SET' (Constants/value has not been set)
221230154318.074 DEBUG 'ansible_navigator.main' After rollback: plugin_name = 'Constants.NOT_SET' (Constants/value has not been set)
221230154318.074 DEBUG 'ansible_navigator.main' After rollback: plugin_type = 'Constants.NOT_SET' (Constants/value has not been set)
221230154318.074 DEBUG 'ansible_navigator.main' After rollback: pull_policy = 'Constants.NOT_SET' (Constants/value has not been set)
221230154318.074 DEBUG 'ansible_navigator.main' After rollback: set_environment_variable = 'Constants.NOT_SET' (Constants/value has not been set)
221230154318.074 DEBUG 'ansible_navigator.main' Configuration rollback complete.
221230154318.075 ERROR 'ansible_navigator.main' Command provided: 'doc -t pipe'
221230154318.075 ERROR 'ansible_navigator.main' A plugin name is required when using the doc subcommand
221230154318.075 INFO 'ansible_navigator.main' Try again with 'doc <plugin_name>'
221230154318.075 ERROR 'ansible_navigator.main' plugin-type must be one of 'become', 'cache', 'callback', 'cliconf', 'connection', 'httpapi', 'inventory', 'lookup', 'module', 'netconf', 'shell', 'strategy' or 'vars', but set as 'pipe' in cli parameters
221230154318.075 INFO 'ansible_navigator.main' Try again with '-t become', '-t cache', '-t callback', '-t cliconf', '-t connection', '-t httpapi', '-t inventory', '-t lookup', '-t module', '-t netconf', '-t shell', '-t strategy' or '-t vars'
221230154318.076 ERROR 'ansible_navigator.main' Configuration failed, using default log file location: /windows-mount/prometheus-grafana-install/roles/minikuber/ansible-navigator.log. Log level set to debug
221230154318.076 INFO 'ansible_navigator.main' Review the hints and log file to see what went wrong: /windows-mount/prometheus-grafana-install/roles/minikuber/ansible-navigator.log
221230154333.876 INFO 'ansible_navigator.setup_logger' New ansible-navigator instance, logging initialized
221230154333.876 INFO 'ansible_navigator.setup_logger' New ansible-runner instance, logging initialized
221230154333.876 DEBUG 'ansible_navigator.main' Share directory '/home/lpadgett/.local/lib/python3.6/share/ansible_navigator' not found (development path)
221230154333.876 DEBUG 'ansible_navigator.main' Share directory '/home/lpadgett/.local/share/ansible_navigator' found (userbase)
221230154333.877 DEBUG 'ansible_navigator.main' Default collection_doc_cache_path set to: /home/lpadgett/.cache/ansible-navigator/collection_doc_cache.db
221230154333.877 DEBUG 'ansible_navigator.main' EDITOR environment variable not set
221230154333.877 DEBUG 'ansible_navigator.main' Default editor_command set to: vi +{line_number} {filename}
221230154333.877 DEBUG 'ansible_navigator.main' No config file set by ANSIBLE_NAVIGATOR_CONFIG
221230154333.877 DEBUG 'ansible_navigator.main' Looking in /home/lpadgett
221230154333.877 DEBUG 'ansible_navigator.main' Looking for '/home/lpadgett/.ansible-navigator.yml', '/home/lpadgett/.ansible-navigator.yaml' and '/home/lpadgett/.ansible-navigator.json'
221230154333.877 DEBUG 'ansible_navigator.main' Found 0: 
221230154333.877 DEBUG 'ansible_navigator.main' Looking in /windows-mount/prometheus-grafana-install/roles/minikuber
221230154333.877 DEBUG 'ansible_navigator.main' Looking for '/windows-mount/prometheus-grafana-install/roles/minikuber/ansible-navigator.yml', '/windows-mount/prometheus-grafana-install/roles/minikuber/ansible-navigator.yaml' and '/windows-mount/prometheus-grafana-install/roles/minikuber/ansible-navigator.json'
221230154333.877 DEBUG 'ansible_navigator.main' Found 0: 
221230154333.877 DEBUG 'ansible_navigator.main' All found 0: 
221230154333.877 DEBUG 'ansible_navigator.main' Using: None
221230154333.877 DEBUG 'ansible_navigator.main' No valid settings file found, using all default values for settings.
221230154333.877 DEBUG 'ansible_navigator.main' Command provided: 'doc -t lookup'
221230154333.878 DEBUG 'ansible_navigator.main' Completed post processing for ansible_runner_artifact_dir. (changed=False)
221230154333.878 DEBUG 'ansible_navigator.main' Completed post processing for ansible_runner_rotate_artifacts_count. (changed=False)
221230154333.878 DEBUG 'ansible_navigator.main' Completed post processing for ansible_runner_timeout. (changed=False)
221230154333.878 DEBUG 'ansible_navigator.main' Completed post processing for cmdline. (changed=False)
221230154333.878 DEBUG 'ansible_navigator.main' Completed post processing for collection_doc_cache_path. (changed=False)
221230154333.878 DEBUG 'ansible_navigator.main' Completed post processing for container_engine. (changed=True)
221230154333.878 DEBUG 'ansible_navigator.main'  before: 'auto'
221230154333.878 DEBUG 'ansible_navigator.main'  after: 'podman'
221230154333.878 DEBUG 'ansible_navigator.main' Completed post processing for container_options. (changed=False)
221230154333.878 DEBUG 'ansible_navigator.main' Completed post processing for display_color. (changed=False)
221230154333.878 DEBUG 'ansible_navigator.main' Completed post processing for editor_console. (changed=False)
221230154333.878 DEBUG 'ansible_navigator.main' Completed post processing for execution_environment. (changed=False)
221230154333.879 DEBUG 'ansible_navigator.main' Completed post processing for execution_environment_image. (changed=False)
221230154333.879 DEBUG 'ansible_navigator.main' Completed post processing for execution_environment_volume_mounts. (changed=False)
221230154333.879 DEBUG 'ansible_navigator.main' Completed post processing for help_config. (changed=False)
221230154333.879 DEBUG 'ansible_navigator.main' Completed post processing for help_doc. (changed=False)
221230154333.879 DEBUG 'ansible_navigator.main' Completed post processing for help_inventory. (changed=False)
221230154333.879 DEBUG 'ansible_navigator.main' Completed post processing for help_playbook. (changed=False)
221230154333.879 DEBUG 'ansible_navigator.main' Completed post processing for inventory. (changed=False)
221230154333.879 DEBUG 'ansible_navigator.main' Completed post processing for inventory_column. (changed=False)
221230154333.879 DEBUG 'ansible_navigator.main' Completed post processing for log_append. (changed=False)
221230154333.879 DEBUG 'ansible_navigator.main' Completed post processing for log_file. (changed=False)
221230154333.879 DEBUG 'ansible_navigator.main' Completed post processing for mode. (changed=False)
221230154333.879 DEBUG 'ansible_navigator.main' Completed post processing for osc4. (changed=False)
221230154333.879 DEBUG 'ansible_navigator.main' Completed post processing for pass_environment_variable. (changed=False)
221230154333.880 DEBUG 'ansible_navigator.main' Completed post processing for playbook. (changed=False)
221230154333.880 DEBUG 'ansible_navigator.main' Completed post processing for playbook_artifact_enable. (changed=False)
221230154333.880 DEBUG 'ansible_navigator.main' Completed post processing for playbook_artifact_replay. (changed=False)
221230154333.880 DEBUG 'ansible_navigator.main' Completed post processing for plugin_name. (changed=False)
221230154333.880 DEBUG 'ansible_navigator.main' Completed post processing for set_environment_variable. (changed=False)
221230154333.880 WARNING 'ansible_navigator.main' Configuration errors encountered, rolling back to previous configuration.
221230154333.880 DEBUG 'ansible_navigator.main' Prior to rollback: ansible_runner_artifact_dir = 'Constants.NOT_SET' (Constants/value has not been set)
221230154333.880 DEBUG 'ansible_navigator.main' Prior to rollback: ansible_runner_rotate_artifacts_count = 'Constants.NOT_SET' (Constants/value has not been set)
221230154333.880 DEBUG 'ansible_navigator.main' Prior to rollback: ansible_runner_timeout = 'Constants.NOT_SET' (Constants/value has not been set)
221230154333.880 DEBUG 'ansible_navigator.main' Prior to rollback: app = 'doc' (str/cli parameters)
221230154333.880 DEBUG 'ansible_navigator.main' Prior to rollback: cmdline = 'Constants.NOT_SET' (Constants/value has not been set)
221230154333.880 DEBUG 'ansible_navigator.main' Prior to rollback: collection_doc_cache_path = '/home/lpadgett/.cache/ansible-navigator/collection_doc_cache.db' (str/default configuration value)
221230154333.880 DEBUG 'ansible_navigator.main' Prior to rollback: config = 'Constants.NOT_SET' (Constants/value has not been set)
221230154333.881 DEBUG 'ansible_navigator.main' Prior to rollback: container_engine = 'podman' (str/default configuration value)
221230154333.881 DEBUG 'ansible_navigator.main' Prior to rollback: container_options = 'Constants.NOT_SET' (Constants/value has not been set)
221230154333.881 DEBUG 'ansible_navigator.main' Prior to rollback: display_color = 'True' (bool/default configuration value)
221230154333.881 DEBUG 'ansible_navigator.main' Prior to rollback: editor_command = 'vi +{line_number} {filename}' (str/default configuration value)
221230154333.881 DEBUG 'ansible_navigator.main' Prior to rollback: editor_console = 'True' (bool/default configuration value)
221230154333.881 DEBUG 'ansible_navigator.main' Prior to rollback: execution_environment = 'True' (bool/default configuration value)
221230154333.881 DEBUG 'ansible_navigator.main' Prior to rollback: execution_environment_image = 'quay.io/ansible/ansible-navigator-demo-ee:0.6.0' (str/default configuration value)
221230154333.881 DEBUG 'ansible_navigator.main' Prior to rollback: execution_environment_volume_mounts = 'Constants.NOT_SET' (Constants/value has not been set)
221230154333.881 DEBUG 'ansible_navigator.main' Prior to rollback: help_config = 'False' (bool/default configuration value)
221230154333.881 DEBUG 'ansible_navigator.main' Prior to rollback: help_doc = 'False' (bool/default configuration value)
221230154333.881 DEBUG 'ansible_navigator.main' Prior to rollback: help_inventory = 'False' (bool/default configuration value)
221230154333.881 DEBUG 'ansible_navigator.main' Prior to rollback: help_playbook = 'False' (bool/default configuration value)
221230154333.882 DEBUG 'ansible_navigator.main' Prior to rollback: inventory = 'Constants.NOT_SET' (Constants/value has not been set)
221230154333.882 DEBUG 'ansible_navigator.main' Prior to rollback: inventory_column = 'Constants.NOT_SET' (Constants/value has not been set)
221230154333.882 DEBUG 'ansible_navigator.main' Prior to rollback: log_append = 'True' (bool/default configuration value)
221230154333.882 DEBUG 'ansible_navigator.main' Prior to rollback: log_file = '/windows-mount/prometheus-grafana-install/roles/minikuber/ansible-navigator.log' (str/default configuration value)
221230154333.882 DEBUG 'ansible_navigator.main' Prior to rollback: log_level = 'warning' (str/default configuration value)
221230154333.882 DEBUG 'ansible_navigator.main' Prior to rollback: mode = 'interactive' (str/default configuration value)
221230154333.882 DEBUG 'ansible_navigator.main' Prior to rollback: osc4 = 'True' (bool/default configuration value)
221230154333.882 DEBUG 'ansible_navigator.main' Prior to rollback: pass_environment_variable = 'Constants.NOT_SET' (Constants/value has not been set)
221230154333.882 DEBUG 'ansible_navigator.main' Prior to rollback: playbook = 'Constants.NOT_SET' (Constants/value has not been set)
221230154333.882 DEBUG 'ansible_navigator.main' Prior to rollback: playbook_artifact_enable = 'True' (bool/default configuration value)
221230154333.882 DEBUG 'ansible_navigator.main' Prior to rollback: playbook_artifact_replay = 'Constants.NOT_SET' (Constants/value has not been set)
221230154333.882 DEBUG 'ansible_navigator.main' Prior to rollback: playbook_artifact_save_as = '{playbook_dir}/{playbook_name}-artifact-{ts_utc}.json' (str/default configuration value)
221230154333.883 DEBUG 'ansible_navigator.main' Prior to rollback: plugin_name = 'Constants.NOT_SET' (Constants/value has not been set)
221230154333.883 DEBUG 'ansible_navigator.main' Prior to rollback: plugin_type = 'lookup' (str/cli parameters)
221230154333.883 DEBUG 'ansible_navigator.main' Prior to rollback: pull_policy = 'tag' (str/default configuration value)
221230154333.883 DEBUG 'ansible_navigator.main' Prior to rollback: set_environment_variable = 'Constants.NOT_SET' (Constants/value has not been set)
221230154333.883 DEBUG 'ansible_navigator.main' After rollback: ansible_runner_artifact_dir = 'Constants.NOT_SET' (Constants/value has not been set)
221230154333.883 DEBUG 'ansible_navigator.main' After rollback: ansible_runner_rotate_artifacts_count = 'Constants.NOT_SET' (Constants/value has not been set)
221230154333.883 DEBUG 'ansible_navigator.main' After rollback: ansible_runner_timeout = 'Constants.NOT_SET' (Constants/value has not been set)
221230154333.883 DEBUG 'ansible_navigator.main' After rollback: app = 'Constants.NOT_SET' (Constants/value has not been set)
221230154333.883 DEBUG 'ansible_navigator.main' After rollback: cmdline = 'Constants.NOT_SET' (Constants/value has not been set)
221230154333.883 DEBUG 'ansible_navigator.main' After rollback: collection_doc_cache_path = 'Constants.NOT_SET' (Constants/value has not been set)
221230154333.883 DEBUG 'ansible_navigator.main' After rollback: config = 'Constants.NOT_SET' (Constants/value has not been set)
221230154333.883 DEBUG 'ansible_navigator.main' After rollback: container_engine = 'Constants.NOT_SET' (Constants/value has not been set)
221230154333.884 DEBUG 'ansible_navigator.main' After rollback: container_options = 'Constants.NOT_SET' (Constants/value has not been set)
221230154333.884 DEBUG 'ansible_navigator.main' After rollback: display_color = 'Constants.NOT_SET' (Constants/value has not been set)
221230154333.884 DEBUG 'ansible_navigator.main' After rollback: editor_command = 'Constants.NOT_SET' (Constants/value has not been set)
221230154333.884 DEBUG 'ansible_navigator.main' After rollback: editor_console = 'Constants.NOT_SET' (Constants/value has not been set)
221230154333.884 DEBUG 'ansible_navigator.main' After rollback: execution_environment = 'Constants.NOT_SET' (Constants/value has not been set)
221230154333.884 DEBUG 'ansible_navigator.main' After rollback: execution_environment_image = 'Constants.NOT_SET' (Constants/value has not been set)
221230154333.884 DEBUG 'ansible_navigator.main' After rollback: execution_environment_volume_mounts = 'Constants.NOT_SET' (Constants/value has not been set)
221230154333.884 DEBUG 'ansible_navigator.main' After rollback: help_config = 'Constants.NOT_SET' (Constants/value has not been set)
221230154333.884 DEBUG 'ansible_navigator.main' After rollback: help_doc = 'Constants.NOT_SET' (Constants/value has not been set)
221230154333.884 DEBUG 'ansible_navigator.main' After rollback: help_inventory = 'Constants.NOT_SET' (Constants/value has not been set)
221230154333.884 DEBUG 'ansible_navigator.main' After rollback: help_playbook = 'Constants.NOT_SET' (Constants/value has not been set)
221230154333.884 DEBUG 'ansible_navigator.main' After rollback: inventory = 'Constants.NOT_SET' (Constants/value has not been set)
221230154333.885 DEBUG 'ansible_navigator.main' After rollback: inventory_column = 'Constants.NOT_SET' (Constants/value has not been set)
221230154333.885 DEBUG 'ansible_navigator.main' After rollback: log_append = 'Constants.NOT_SET' (Constants/value has not been set)
221230154333.885 DEBUG 'ansible_navigator.main' After rollback: log_file = 'Constants.NOT_SET' (Constants/value has not been set)
221230154333.885 DEBUG 'ansible_navigator.main' After rollback: log_level = 'Constants.NOT_SET' (Constants/value has not been set)
221230154333.885 DEBUG 'ansible_navigator.main' After rollback: mode = 'Constants.NOT_SET' (Constants/value has not been set)
221230154333.885 DEBUG 'ansible_navigator.main' After rollback: osc4 = 'Constants.NOT_SET' (Constants/value has not been set)
221230154333.885 DEBUG 'ansible_navigator.main' After rollback: pass_environment_variable = 'Constants.NOT_SET' (Constants/value has not been set)
221230154333.885 DEBUG 'ansible_navigator.main' After rollback: playbook = 'Constants.NOT_SET' (Constants/value has not been set)
221230154333.885 DEBUG 'ansible_navigator.main' After rollback: playbook_artifact_enable = 'Constants.NOT_SET' (Constants/value has not been set)
221230154333.885 DEBUG 'ansible_navigator.main' After rollback: playbook_artifact_replay = 'Constants.NOT_SET' (Constants/value has not been set)
221230154333.885 DEBUG 'ansible_navigator.main' After rollback: playbook_artifact_save_as = 'Constants.NOT_SET' (Constants/value has not been set)
221230154333.885 DEBUG 'ansible_navigator.main' After rollback: plugin_name = 'Constants.NOT_SET' (Constants/value has not been set)
221230154333.885 DEBUG 'ansible_navigator.main' After rollback: plugin_type = 'Constants.NOT_SET' (Constants/value has not been set)
221230154333.886 DEBUG 'ansible_navigator.main' After rollback: pull_policy = 'Constants.NOT_SET' (Constants/value has not been set)
221230154333.886 DEBUG 'ansible_navigator.main' After rollback: set_environment_variable = 'Constants.NOT_SET' (Constants/value has not been set)
221230154333.886 DEBUG 'ansible_navigator.main' Configuration rollback complete.
221230154333.886 ERROR 'ansible_navigator.main' Command provided: 'doc -t lookup'
221230154333.886 ERROR 'ansible_navigator.main' A plugin name is required when using the doc subcommand
221230154333.886 INFO 'ansible_navigator.main' Try again with 'doc <plugin_name>'
221230154333.886 ERROR 'ansible_navigator.main' Configuration failed, using default log file location: /windows-mount/prometheus-grafana-install/roles/minikuber/ansible-navigator.log. Log level set to debug
221230154333.886 INFO 'ansible_navigator.main' Review the hints and log file to see what went wrong: /windows-mount/prometheus-grafana-install/roles/minikuber/ansible-navigator.log
221230155330.631 WARNING 'ansible_navigator.run' Dirty exit, killing the pid
221230173803.034 WARNING 'ansible_navigator.run' Dirty exit, killing the pid
221230174839.054 WARNING 'ansible_navigator.run' Dirty exit, killing the pid
221230201502.684 WARNING 'ansible_navigator.run' Dirty exit, killing the pid
221230202954.670 WARNING 'ansible_navigator.run' Dirty exit, killing the pid
